Copyright 1986-2022 Xilinx, Inc. All Rights Reserved.
-----------------------------------------------------------------------------------------
| Tool Version : Vivado v.2022.2 (win64) Build 3671981 Fri Oct 14 05:00:03 MDT 2022
| Date         : Sun Mar 29 09:43:37 2026
| Host         : AHAHAHA running 64-bit major release  (build 9200)
| Command      : report_control_sets -verbose -file pomodoro_top_control_sets_placed.rpt
| Design       : pomodoro_top
| Device       : xc7s50
-----------------------------------------------------------------------------------------

Control Set Information

Table of Contents
-----------------
1. Summary
2. Histogram
3. Flip-Flop Distribution
4. Detailed Control Set Information

1. Summary
----------

+----------------------------------------------------------+-------+
|                          Status                          | Count |
+----------------------------------------------------------+-------+
| Total control sets                                       |    20 |
|    Minimum number of control sets                        |    20 |
|    Addition due to synthesis replication                 |     0 |
|    Addition due to physical synthesis replication        |     0 |
| Unused register locations in slices containing registers |    51 |
+----------------------------------------------------------+-------+
* Control sets can be merged at opt_design using control_set_merge or merge_equivalent_drivers
** Run report_qor_suggestions for automated merging and remapping suggestions


2. Histogram
------------

+--------------------+-------+
|       Fanout       | Count |
+--------------------+-------+
| Total control sets |    20 |
| >= 0 to < 4        |     1 |
| >= 4 to < 6        |     2 |
| >= 6 to < 8        |     1 |
| >= 8 to < 10       |     3 |
| >= 10 to < 12      |     1 |
| >= 12 to < 14      |     0 |
| >= 14 to < 16      |     2 |
| >= 16              |    10 |
+--------------------+-------+
* Control sets can be remapped at either synth_design or opt_design


3. Flip-Flop Distribution
-------------------------

+--------------+-----------------------+------------------------+-----------------+--------------+
| Clock Enable | Synchronous Set/Reset | Asynchronous Set/Reset | Total Registers | Total Slices |
+--------------+-----------------------+------------------------+-----------------+--------------+
| No           | No                    | No                     |              49 |           17 |
| No           | No                    | Yes                    |               0 |            0 |
| No           | Yes                   | No                     |             178 |           55 |
| Yes          | No                    | No                     |               0 |            0 |
| Yes          | No                    | Yes                    |               0 |            0 |
| Yes          | Yes                   | No                     |              82 |           29 |
+--------------+-----------------------+------------------------+-----------------+--------------+


4. Detailed Control Set Information
-----------------------------------

+----------------+-------------------------------------+------------------------------------+------------------+----------------+--------------+
|  Clock Signal  |            Enable Signal            |          Set/Reset Signal          | Slice Load Count | Bel Load Count | Bels / Slice |
+----------------+-------------------------------------+------------------------------------+------------------+----------------+--------------+
|  clk_IBUF_BUFG | uart0/tx_i_1_n_0                    | db_reset/reset_pulse               |                1 |              1 |         1.00 |
|  clk_IBUF_BUFG | uart0/bit_idx                       | db_reset/SR[0]                     |                1 |              4 |         4.00 |
|  clk_IBUF_BUFG | uart0/E[0]                          | db_reset/reset_pulse               |                1 |              4 |         4.00 |
|  clk_IBUF_BUFG | uart0/busy_reg_1[0]                 | db_reset/reset_pulse               |                4 |              7 |         1.75 |
|  clk_IBUF_BUFG | uart0/shreg[8]_i_1_n_0              | db_reset/reset_pulse               |                2 |              8 |         4.00 |
|  clk_IBUF_BUFG | core/pause_count[0]_i_1_n_0         | db_reset/reset_pulse               |                2 |              8 |         4.00 |
|  clk_IBUF_BUFG | core/E[0]                           | db_reset/reset_pulse               |                3 |              8 |         2.67 |
|  clk_IBUF_BUFG | core/phase_total_seconds[9]_i_1_n_0 | db_reset/reset_pulse               |                3 |             10 |         3.33 |
|  clk_IBUF_BUFG |                                     | core/FSM_sequential_state_reg[0]_1 |                4 |             15 |         3.75 |
|  clk_IBUF_BUFG |                                     | db_reset/pulse_reg_0               |                4 |             15 |         3.75 |
|  clk_IBUF_BUFG |                                     | db_reset/reset_pulse               |                9 |             16 |         1.78 |
|  clk_IBUF_BUFG | uart0/busy_reg_0                    | db_reset/SR[0]                     |                4 |             16 |         4.00 |
|  clk_IBUF_BUFG | core/seconds_left[15]_i_1_n_0       | db_reset/reset_pulse               |                8 |             16 |         2.00 |
|  clk_IBUF_BUFG |                                     | db_pause/ctr[0]_i_1__0_n_0         |                6 |             21 |         3.50 |
|  clk_IBUF_BUFG |                                     | db_reset/ctr[0]_i_1__1_n_0         |                6 |             21 |         3.50 |
|  clk_IBUF_BUFG |                                     | db_skip/ctr[0]_i_1__2_n_0          |                6 |             21 |         3.50 |
|  clk_IBUF_BUFG |                                     | db_start/ctr[0]_i_1_n_0            |                6 |             21 |         3.50 |
|  clk_IBUF_BUFG |                                     | servo_inst/ctr[0]_i_1__5_n_0       |                6 |             21 |         3.50 |
|  clk_IBUF_BUFG |                                     | tick_ctr[26]_i_1_n_0               |                8 |             27 |         3.38 |
|  clk_IBUF_BUFG |                                     |                                    |               17 |             49 |         2.88 |
+----------------+-------------------------------------+------------------------------------+------------------+----------------+--------------+


