INFO: [VRFC 10-2263] Analyzing SystemVerilog file "E:/Elky/UIUC/Courses/Spring2026/hardware-hackathon/pomodoro_timer_project/pomodoro_timer_project.srcs/sources_1/new/buzzer_tone.sv" into library xil_defaultlib
INFO: [VRFC 10-311] analyzing module buzzer_tone
INFO: [VRFC 10-2263] Analyzing SystemVerilog file "E:/Elky/UIUC/Courses/Spring2026/hardware-hackathon/pomodoro_timer_project/pomodoro_timer_project.srcs/sources_1/new/debounce_onepulse.sv" into library xil_defaultlib
INFO: [VRFC 10-311] analyzing module debounce_onepulse
INFO: [VRFC 10-2263] Analyzing SystemVerilog file "E:/Elky/UIUC/Courses/Spring2026/hardware-hackathon/pomodoro_timer_project/pomodoro_timer_project.srcs/sources_1/new/pomodoro_core.sv" into library xil_defaultlib
INFO: [VRFC 10-311] analyzing module pomodoro_core
INFO: [VRFC 10-2263] Analyzing SystemVerilog file "E:/Elky/UIUC/Courses/Spring2026/hardware-hackathon/pomodoro_timer_project/pomodoro_timer_project.srcs/sources_1/new/pomodoro_top.sv" into library xil_defaultlib
INFO: [VRFC 10-311] analyzing module pomodoro_top
INFO: [VRFC 10-2263] Analyzing SystemVerilog file "E:/Elky/UIUC/Courses/Spring2026/hardware-hackathon/pomodoro_timer_project/pomodoro_timer_project.srcs/sources_1/new/servo_pwm.sv" into library xil_defaultlib
INFO: [VRFC 10-311] analyzing module servo_pwm
INFO: [VRFC 10-2263] Analyzing SystemVerilog file "E:/Elky/UIUC/Courses/Spring2026/hardware-hackathon/pomodoro_timer_project/pomodoro_timer_project.srcs/sources_1/new/sevenseg_mux8.sv" into library xil_defaultlib
INFO: [VRFC 10-311] analyzing module sevenseg_mux8
INFO: [VRFC 10-2263] Analyzing SystemVerilog file "E:/Elky/UIUC/Courses/Spring2026/hardware-hackathon/pomodoro_timer_project/pomodoro_timer_project.srcs/sources_1/new/uart_tx.sv" into library xil_defaultlib
INFO: [VRFC 10-311] analyzing module uart_tx
INFO: [VRFC 10-2263] Analyzing SystemVerilog file "E:/Elky/UIUC/Courses/Spring2026/hardware-hackathon/pomodoro_timer_project/pomodoro_timer_project.srcs/sim_1/new/top_tb.sv" into library xil_defaultlib
INFO: [VRFC 10-311] analyzing module uart_tb
ERROR: [VRFC 10-4982] syntax error near '"' [E:/Elky/UIUC/Courses/Spring2026/hardware-hackathon/pomodoro_timer_project/pomodoro_timer_project.srcs/sim_1/new/top_tb.sv:435]
ERROR: [VRFC 10-4982] syntax error near '"' [E:/Elky/UIUC/Courses/Spring2026/hardware-hackathon/pomodoro_timer_project/pomodoro_timer_project.srcs/sim_1/new/top_tb.sv:505]
ERROR: [VRFC 10-4982] syntax error near '"' [E:/Elky/UIUC/Courses/Spring2026/hardware-hackathon/pomodoro_timer_project/pomodoro_timer_project.srcs/sim_1/new/top_tb.sv:506]
ERROR: [VRFC 10-4982] syntax error near '"' [E:/Elky/UIUC/Courses/Spring2026/hardware-hackathon/pomodoro_timer_project/pomodoro_timer_project.srcs/sim_1/new/top_tb.sv:520]
ERROR: [VRFC 10-3142] automatic variable 'in_d3' is not allowed in procedural continuous assignments [E:/Elky/UIUC/Courses/Spring2026/hardware-hackathon/pomodoro_timer_project/pomodoro_timer_project.srcs/sim_1/new/top_tb.sv:453]
ERROR: [VRFC 10-3142] automatic variable 'in_d2' is not allowed in procedural continuous assignments [E:/Elky/UIUC/Courses/Spring2026/hardware-hackathon/pomodoro_timer_project/pomodoro_timer_project.srcs/sim_1/new/top_tb.sv:454]
ERROR: [VRFC 10-3142] automatic variable 'in_d1' is not allowed in procedural continuous assignments [E:/Elky/UIUC/Courses/Spring2026/hardware-hackathon/pomodoro_timer_project/pomodoro_timer_project.srcs/sim_1/new/top_tb.sv:455]
ERROR: [VRFC 10-3142] automatic variable 'in_d0' is not allowed in procedural continuous assignments [E:/Elky/UIUC/Courses/Spring2026/hardware-hackathon/pomodoro_timer_project/pomodoro_timer_project.srcs/sim_1/new/top_tb.sv:456]
ERROR: [VRFC 10-3142] automatic variable 'in_phase' is not allowed in procedural continuous assignments [E:/Elky/UIUC/Courses/Spring2026/hardware-hackathon/pomodoro_timer_project/pomodoro_timer_project.srcs/sim_1/new/top_tb.sv:457]
ERROR: [VRFC 10-3142] automatic variable 'in_alarm_active' is not allowed in procedural continuous assignments [E:/Elky/UIUC/Courses/Spring2026/hardware-hackathon/pomodoro_timer_project/pomodoro_timer_project.srcs/sim_1/new/top_tb.sv:458]
ERROR: [VRFC 10-3142] automatic variable 'in_sessions' is not allowed in procedural continuous assignments [E:/Elky/UIUC/Courses/Spring2026/hardware-hackathon/pomodoro_timer_project/pomodoro_timer_project.srcs/sim_1/new/top_tb.sv:459]
ERROR: [VRFC 10-3142] automatic variable 'in_pause_count' is not allowed in procedural continuous assignments [E:/Elky/UIUC/Courses/Spring2026/hardware-hackathon/pomodoro_timer_project/pomodoro_timer_project.srcs/sim_1/new/top_tb.sv:460]
ERROR: [VRFC 10-3638] port 'in_d3' is not connected on task call 'check_frame' [E:/Elky/UIUC/Courses/Spring2026/hardware-hackathon/pomodoro_timer_project/pomodoro_timer_project.srcs/sim_1/new/top_tb.sv:496]
ERROR: [VRFC 10-3638] port 'in_d3' is not connected on task call 'check_frame' [E:/Elky/UIUC/Courses/Spring2026/hardware-hackathon/pomodoro_timer_project/pomodoro_timer_project.srcs/sim_1/new/top_tb.sv:511]
ERROR: [VRFC 10-8530] module 'uart_tb' is ignored due to previous errors [E:/Elky/UIUC/Courses/Spring2026/hardware-hackathon/pomodoro_timer_project/pomodoro_timer_project.srcs/sim_1/new/top_tb.sv:341]
