
*** Running vivado
    with args -log pomodoro_top.vds -m64 -product Vivado -mode batch -messageDb vivado.pb -notrace -source pomodoro_top.tcl



****** Vivado v2022.2 (64-bit)
  **** SW Build 3671981 on Fri Oct 14 05:00:03 MDT 2022
  **** IP Build 3669848 on Fri Oct 14 08:30:02 MDT 2022
    ** Copyright 1986-2022 Xilinx, Inc. All Rights Reserved.

source pomodoro_top.tcl -notrace
create_project: Time (s): cpu = 00:00:05 ; elapsed = 00:00:06 . Memory (MB): peak = 373.691 ; gain = 44.078
Command: read_checkpoint -auto_incremental -incremental E:/Elky/UIUC/Courses/Spring2026/hardware-hackathon/pomodoro_timer_project/pomodoro_timer_project.srcs/utils_1/imports/synth_1/pomodoro_top.dcp
INFO: [Vivado 12-5825] Read reference checkpoint from E:/Elky/UIUC/Courses/Spring2026/hardware-hackathon/pomodoro_timer_project/pomodoro_timer_project.srcs/utils_1/imports/synth_1/pomodoro_top.dcp for incremental synthesis
INFO: [Vivado 12-7989] Please ensure there are no constraint changes
Command: synth_design -top pomodoro_top -part xc7s50csga324-1
Starting synth_design
Attempting to get a license for feature 'Synthesis' and/or device 'xc7s50'
INFO: [Common 17-349] Got license for feature 'Synthesis' and/or device 'xc7s50'
INFO: [Device 21-403] Loading part xc7s50csga324-1
INFO: [Designutils 20-5440] No compile time benefit to using incremental synthesis; A full resynthesis will be run
INFO: [Designutils 20-4379] Flow is switching to default flow due to incremental criteria not met. If you would like to alter this behaviour and have the flow terminate instead, please set the following parameter config_implementation {autoIncr.Synth.RejectBehavior Terminate}
INFO: [Synth 8-7079] Multithreading enabled for synth_design using a maximum of 2 processes.
INFO: [Synth 8-7078] Launching helper process for spawning children vivado processes
INFO: [Synth 8-7075] Helper process launched with PID 2944
INFO: [Synth 8-11241] undeclared symbol 'REGCCE', assumed default net type 'wire' [D:/Xilinx/Vivado/2022.2/data/verilog/src/unimacro/BRAM_SINGLE_MACRO.v:2170]
---------------------------------------------------------------------------------
Starting RTL Elaboration : Time (s): cpu = 00:00:03 ; elapsed = 00:00:04 . Memory (MB): peak = 1179.363 ; gain = 409.027
---------------------------------------------------------------------------------
INFO: [Synth 8-6157] synthesizing module 'pomodoro_top' [E:/Elky/UIUC/Courses/Spring2026/hardware-hackathon/pomodoro_timer_project/pomodoro_timer_project.srcs/sources_1/new/pomodoro_top.sv:1]
INFO: [Synth 8-6157] synthesizing module 'debounce_onepulse' [E:/Elky/UIUC/Courses/Spring2026/hardware-hackathon/pomodoro_timer_project/pomodoro_timer_project.srcs/sources_1/new/debounce_onepulse.sv:1]
	Parameter CLK_HZ bound to: 32'sb00000101111101011110000100000000 
INFO: [Synth 8-6155] done synthesizing module 'debounce_onepulse' (0#1) [E:/Elky/UIUC/Courses/Spring2026/hardware-hackathon/pomodoro_timer_project/pomodoro_timer_project.srcs/sources_1/new/debounce_onepulse.sv:1]
INFO: [Synth 8-6157] synthesizing module 'pomodoro_core' [E:/Elky/UIUC/Courses/Spring2026/hardware-hackathon/pomodoro_timer_project/pomodoro_timer_project.srcs/sources_1/new/pomodoro_core.sv:1]
INFO: [Synth 8-294] found qualifier unique on case statement: implementing as parallel_case [E:/Elky/UIUC/Courses/Spring2026/hardware-hackathon/pomodoro_timer_project/pomodoro_timer_project.srcs/sources_1/new/pomodoro_core.sv:51]
INFO: [Synth 8-6155] done synthesizing module 'pomodoro_core' (0#1) [E:/Elky/UIUC/Courses/Spring2026/hardware-hackathon/pomodoro_timer_project/pomodoro_timer_project.srcs/sources_1/new/pomodoro_core.sv:1]
INFO: [Synth 8-6157] synthesizing module 'sevenseg_mux8' [E:/Elky/UIUC/Courses/Spring2026/hardware-hackathon/pomodoro_timer_project/pomodoro_timer_project.srcs/sources_1/new/sevenseg_mux8.sv:1]
	Parameter CLK_HZ bound to: 32'sb00000101111101011110000100000000 
	Parameter SCAN_HZ bound to: 32'sb00000000000000000000111110100000 
INFO: [Synth 8-226] default block is never used [E:/Elky/UIUC/Courses/Spring2026/hardware-hackathon/pomodoro_timer_project/pomodoro_timer_project.srcs/sources_1/new/sevenseg_mux8.sv:44]
INFO: [Synth 8-226] default block is never used [E:/Elky/UIUC/Courses/Spring2026/hardware-hackathon/pomodoro_timer_project/pomodoro_timer_project.srcs/sources_1/new/sevenseg_mux8.sv:59]
INFO: [Synth 8-6155] done synthesizing module 'sevenseg_mux8' (0#1) [E:/Elky/UIUC/Courses/Spring2026/hardware-hackathon/pomodoro_timer_project/pomodoro_timer_project.srcs/sources_1/new/sevenseg_mux8.sv:1]
INFO: [Synth 8-294] found qualifier unique on case statement: implementing as parallel_case [E:/Elky/UIUC/Courses/Spring2026/hardware-hackathon/pomodoro_timer_project/pomodoro_timer_project.srcs/sources_1/new/pomodoro_top.sv:175]
INFO: [Synth 8-226] default block is never used [E:/Elky/UIUC/Courses/Spring2026/hardware-hackathon/pomodoro_timer_project/pomodoro_timer_project.srcs/sources_1/new/pomodoro_top.sv:175]
INFO: [Synth 8-6157] synthesizing module 'buzzer_tone' [E:/Elky/UIUC/Courses/Spring2026/hardware-hackathon/pomodoro_timer_project/pomodoro_timer_project.srcs/sources_1/new/buzzer_tone.sv:1]
	Parameter CLK_HZ bound to: 32'sb00000101111101011110000100000000 
	Parameter TONE_HZ bound to: 32'sb00000000000000000000011111010000 
INFO: [Synth 8-6155] done synthesizing module 'buzzer_tone' (0#1) [E:/Elky/UIUC/Courses/Spring2026/hardware-hackathon/pomodoro_timer_project/pomodoro_timer_project.srcs/sources_1/new/buzzer_tone.sv:1]
INFO: [Synth 8-294] found qualifier unique on case statement: implementing as parallel_case [E:/Elky/UIUC/Courses/Spring2026/hardware-hackathon/pomodoro_timer_project/pomodoro_timer_project.srcs/sources_1/new/pomodoro_top.sv:222]
INFO: [Synth 8-226] default block is never used [E:/Elky/UIUC/Courses/Spring2026/hardware-hackathon/pomodoro_timer_project/pomodoro_timer_project.srcs/sources_1/new/pomodoro_top.sv:222]
INFO: [Synth 8-6157] synthesizing module 'servo_pwm' [E:/Elky/UIUC/Courses/Spring2026/hardware-hackathon/pomodoro_timer_project/pomodoro_timer_project.srcs/sources_1/new/servo_pwm.sv:1]
	Parameter CLK_HZ bound to: 32'sb00000101111101011110000100000000 
INFO: [Synth 8-6155] done synthesizing module 'servo_pwm' (0#1) [E:/Elky/UIUC/Courses/Spring2026/hardware-hackathon/pomodoro_timer_project/pomodoro_timer_project.srcs/sources_1/new/servo_pwm.sv:1]
INFO: [Synth 8-294] found qualifier unique on case statement: implementing as parallel_case [E:/Elky/UIUC/Courses/Spring2026/hardware-hackathon/pomodoro_timer_project/pomodoro_timer_project.srcs/sources_1/new/pomodoro_top.sv:321]
INFO: [Synth 8-6157] synthesizing module 'uart_tx' [E:/Elky/UIUC/Courses/Spring2026/hardware-hackathon/pomodoro_timer_project/pomodoro_timer_project.srcs/sources_1/new/uart_tx.sv:1]
	Parameter CLK_HZ bound to: 32'sb00000101111101011110000100000000 
	Parameter BAUD bound to: 32'sb00000000000000011100001000000000 
INFO: [Synth 8-6155] done synthesizing module 'uart_tx' (0#1) [E:/Elky/UIUC/Courses/Spring2026/hardware-hackathon/pomodoro_timer_project/pomodoro_timer_project.srcs/sources_1/new/uart_tx.sv:1]
INFO: [Synth 8-6155] done synthesizing module 'pomodoro_top' (0#1) [E:/Elky/UIUC/Courses/Spring2026/hardware-hackathon/pomodoro_timer_project/pomodoro_timer_project.srcs/sources_1/new/pomodoro_top.sv:1]
WARNING: [Synth 8-3917] design pomodoro_top has port servo1 driven by constant 0
WARNING: [Synth 8-3917] design pomodoro_top has port servo2 driven by constant 0
WARNING: [Synth 8-3917] design pomodoro_top has port servo3 driven by constant 0
WARNING: [Synth 8-7129] Port sw[15] in module pomodoro_top is either unconnected or has no load
WARNING: [Synth 8-7129] Port sw[14] in module pomodoro_top is either unconnected or has no load
WARNING: [Synth 8-7129] Port sw[13] in module pomodoro_top is either unconnected or has no load
WARNING: [Synth 8-7129] Port sw[12] in module pomodoro_top is either unconnected or has no load
WARNING: [Synth 8-7129] Port sw[11] in module pomodoro_top is either unconnected or has no load
WARNING: [Synth 8-7129] Port sw[10] in module pomodoro_top is either unconnected or has no load
WARNING: [Synth 8-7129] Port sw[9] in module pomodoro_top is either unconnected or has no load
WARNING: [Synth 8-7129] Port sw[8] in module pomodoro_top is either unconnected or has no load
WARNING: [Synth 8-7129] Port sw[7] in module pomodoro_top is either unconnected or has no load
WARNING: [Synth 8-7129] Port sw[6] in module pomodoro_top is either unconnected or has no load
WARNING: [Synth 8-7129] Port sw[5] in module pomodoro_top is either unconnected or has no load
WARNING: [Synth 8-7129] Port sw[4] in module pomodoro_top is either unconnected or has no load
WARNING: [Synth 8-7129] Port sw[3] in module pomodoro_top is either unconnected or has no load
WARNING: [Synth 8-7129] Port sw[2] in module pomodoro_top is either unconnected or has no load
WARNING: [Synth 8-7129] Port sw[1] in module pomodoro_top is either unconnected or has no load
WARNING: [Synth 8-7129] Port UART_rxd in module pomodoro_top is either unconnected or has no load
---------------------------------------------------------------------------------
Finished RTL Elaboration : Time (s): cpu = 00:00:05 ; elapsed = 00:00:06 . Memory (MB): peak = 1273.582 ; gain = 503.246
---------------------------------------------------------------------------------
---------------------------------------------------------------------------------
Start Handling Custom Attributes
---------------------------------------------------------------------------------
---------------------------------------------------------------------------------
Finished Handling Custom Attributes : Time (s): cpu = 00:00:05 ; elapsed = 00:00:06 . Memory (MB): peak = 1273.582 ; gain = 503.246
---------------------------------------------------------------------------------
---------------------------------------------------------------------------------
Finished RTL Optimization Phase 1 : Time (s): cpu = 00:00:05 ; elapsed = 00:00:06 . Memory (MB): peak = 1273.582 ; gain = 503.246
---------------------------------------------------------------------------------
Netlist sorting complete. Time (s): cpu = 00:00:00 ; elapsed = 00:00:00.013 . Memory (MB): peak = 1273.582 ; gain = 0.000
INFO: [Project 1-570] Preparing netlist for logic optimization

Processing XDC Constraints
Initializing timing engine
Parsing XDC File [E:/Elky/UIUC/Courses/Spring2026/hardware-hackathon/pomodoro_timer_project/pomodoro_timer_project.srcs/constrs_1/imports/hardware-hackathon/boolean.xdc]
WARNING: [Vivado 12-584] No ports matched 'hdmi_clk_n'. [E:/Elky/UIUC/Courses/Spring2026/hardware-hackathon/pomodoro_timer_project/pomodoro_timer_project.srcs/constrs_1/imports/hardware-hackathon/boolean.xdc:92]
CRITICAL WARNING: [Common 17-55] 'set_property' expects at least one object. [E:/Elky/UIUC/Courses/Spring2026/hardware-hackathon/pomodoro_timer_project/pomodoro_timer_project.srcs/constrs_1/imports/hardware-hackathon/boolean.xdc:92]
Resolution: If [get_<value>] was used to populate the object, check to make sure this command returns at least one valid object.
WARNING: [Vivado 12-584] No ports matched 'hdmi_clk_p'. [E:/Elky/UIUC/Courses/Spring2026/hardware-hackathon/pomodoro_timer_project/pomodoro_timer_project.srcs/constrs_1/imports/hardware-hackathon/boolean.xdc:93]
CRITICAL WARNING: [Common 17-55] 'set_property' expects at least one object. [E:/Elky/UIUC/Courses/Spring2026/hardware-hackathon/pomodoro_timer_project/pomodoro_timer_project.srcs/constrs_1/imports/hardware-hackathon/boolean.xdc:93]
Resolution: If [get_<value>] was used to populate the object, check to make sure this command returns at least one valid object.
WARNING: [Vivado 12-584] No ports matched 'hdmi_tx_n[0]'. [E:/Elky/UIUC/Courses/Spring2026/hardware-hackathon/pomodoro_timer_project/pomodoro_timer_project.srcs/constrs_1/imports/hardware-hackathon/boolean.xdc:95]
CRITICAL WARNING: [Common 17-55] 'set_property' expects at least one object. [E:/Elky/UIUC/Courses/Spring2026/hardware-hackathon/pomodoro_timer_project/pomodoro_timer_project.srcs/constrs_1/imports/hardware-hackathon/boolean.xdc:95]
Resolution: If [get_<value>] was used to populate the object, check to make sure this command returns at least one valid object.
WARNING: [Vivado 12-584] No ports matched 'hdmi_tx_n[1]'. [E:/Elky/UIUC/Courses/Spring2026/hardware-hackathon/pomodoro_timer_project/pomodoro_timer_project.srcs/constrs_1/imports/hardware-hackathon/boolean.xdc:96]
CRITICAL WARNING: [Common 17-55] 'set_property' expects at least one object. [E:/Elky/UIUC/Courses/Spring2026/hardware-hackathon/pomodoro_timer_project/pomodoro_timer_project.srcs/constrs_1/imports/hardware-hackathon/boolean.xdc:96]
Resolution: If [get_<value>] was used to populate the object, check to make sure this command returns at least one valid object.
WARNING: [Vivado 12-584] No ports matched 'hdmi_tx_n[2]'. [E:/Elky/UIUC/Courses/Spring2026/hardware-hackathon/pomodoro_timer_project/pomodoro_timer_project.srcs/constrs_1/imports/hardware-hackathon/boolean.xdc:97]
CRITICAL WARNING: [Common 17-55] 'set_property' expects at least one object. [E:/Elky/UIUC/Courses/Spring2026/hardware-hackathon/pomodoro_timer_project/pomodoro_timer_project.srcs/constrs_1/imports/hardware-hackathon/boolean.xdc:97]
Resolution: If [get_<value>] was used to populate the object, check to make sure this command returns at least one valid object.
WARNING: [Vivado 12-584] No ports matched 'hdmi_tx_p[0]'. [E:/Elky/UIUC/Courses/Spring2026/hardware-hackathon/pomodoro_timer_project/pomodoro_timer_project.srcs/constrs_1/imports/hardware-hackathon/boolean.xdc:99]
CRITICAL WARNING: [Common 17-55] 'set_property' expects at least one object. [E:/Elky/UIUC/Courses/Spring2026/hardware-hackathon/pomodoro_timer_project/pomodoro_timer_project.srcs/constrs_1/imports/hardware-hackathon/boolean.xdc:99]
Resolution: If [get_<value>] was used to populate the object, check to make sure this command returns at least one valid object.
WARNING: [Vivado 12-584] No ports matched 'hdmi_tx_p[1]'. [E:/Elky/UIUC/Courses/Spring2026/hardware-hackathon/pomodoro_timer_project/pomodoro_timer_project.srcs/constrs_1/imports/hardware-hackathon/boolean.xdc:100]
CRITICAL WARNING: [Common 17-55] 'set_property' expects at least one object. [E:/Elky/UIUC/Courses/Spring2026/hardware-hackathon/pomodoro_timer_project/pomodoro_timer_project.srcs/constrs_1/imports/hardware-hackathon/boolean.xdc:100]
Resolution: If [get_<value>] was used to populate the object, check to make sure this command returns at least one valid object.
WARNING: [Vivado 12-584] No ports matched 'hdmi_tx_p[2]'. [E:/Elky/UIUC/Courses/Spring2026/hardware-hackathon/pomodoro_timer_project/pomodoro_timer_project.srcs/constrs_1/imports/hardware-hackathon/boolean.xdc:101]
CRITICAL WARNING: [Common 17-55] 'set_property' expects at least one object. [E:/Elky/UIUC/Courses/Spring2026/hardware-hackathon/pomodoro_timer_project/pomodoro_timer_project.srcs/constrs_1/imports/hardware-hackathon/boolean.xdc:101]
Resolution: If [get_<value>] was used to populate the object, check to make sure this command returns at least one valid object.
WARNING: [Vivado 12-584] No ports matched 'left_audio_out'. [E:/Elky/UIUC/Courses/Spring2026/hardware-hackathon/pomodoro_timer_project/pomodoro_timer_project.srcs/constrs_1/imports/hardware-hackathon/boolean.xdc:104]
CRITICAL WARNING: [Common 17-55] 'set_property' expects at least one object. [E:/Elky/UIUC/Courses/Spring2026/hardware-hackathon/pomodoro_timer_project/pomodoro_timer_project.srcs/constrs_1/imports/hardware-hackathon/boolean.xdc:104]
Resolution: If [get_<value>] was used to populate the object, check to make sure this command returns at least one valid object.
WARNING: [Vivado 12-584] No ports matched 'right_audio_out'. [E:/Elky/UIUC/Courses/Spring2026/hardware-hackathon/pomodoro_timer_project/pomodoro_timer_project.srcs/constrs_1/imports/hardware-hackathon/boolean.xdc:105]
CRITICAL WARNING: [Common 17-55] 'set_property' expects at least one object. [E:/Elky/UIUC/Courses/Spring2026/hardware-hackathon/pomodoro_timer_project/pomodoro_timer_project.srcs/constrs_1/imports/hardware-hackathon/boolean.xdc:105]
Resolution: If [get_<value>] was used to populate the object, check to make sure this command returns at least one valid object.
WARNING: [Vivado 12-584] No ports matched 'ble_uart_tx'. [E:/Elky/UIUC/Courses/Spring2026/hardware-hackathon/pomodoro_timer_project/pomodoro_timer_project.srcs/constrs_1/imports/hardware-hackathon/boolean.xdc:108]
CRITICAL WARNING: [Common 17-55] 'set_property' expects at least one object. [E:/Elky/UIUC/Courses/Spring2026/hardware-hackathon/pomodoro_timer_project/pomodoro_timer_project.srcs/constrs_1/imports/hardware-hackathon/boolean.xdc:108]
Resolution: If [get_<value>] was used to populate the object, check to make sure this command returns at least one valid object.
WARNING: [Vivado 12-584] No ports matched 'ble_uart_rx'. [E:/Elky/UIUC/Courses/Spring2026/hardware-hackathon/pomodoro_timer_project/pomodoro_timer_project.srcs/constrs_1/imports/hardware-hackathon/boolean.xdc:109]
CRITICAL WARNING: [Common 17-55] 'set_property' expects at least one object. [E:/Elky/UIUC/Courses/Spring2026/hardware-hackathon/pomodoro_timer_project/pomodoro_timer_project.srcs/constrs_1/imports/hardware-hackathon/boolean.xdc:109]
Resolution: If [get_<value>] was used to populate the object, check to make sure this command returns at least one valid object.
WARNING: [Vivado 12-584] No ports matched 'ble_uart_rts'. [E:/Elky/UIUC/Courses/Spring2026/hardware-hackathon/pomodoro_timer_project/pomodoro_timer_project.srcs/constrs_1/imports/hardware-hackathon/boolean.xdc:110]
CRITICAL WARNING: [Common 17-55] 'set_property' expects at least one object. [E:/Elky/UIUC/Courses/Spring2026/hardware-hackathon/pomodoro_timer_project/pomodoro_timer_project.srcs/constrs_1/imports/hardware-hackathon/boolean.xdc:110]
Resolution: If [get_<value>] was used to populate the object, check to make sure this command returns at least one valid object.
WARNING: [Vivado 12-584] No ports matched 'ble_uart_cts'. [E:/Elky/UIUC/Courses/Spring2026/hardware-hackathon/pomodoro_timer_project/pomodoro_timer_project.srcs/constrs_1/imports/hardware-hackathon/boolean.xdc:111]
CRITICAL WARNING: [Common 17-55] 'set_property' expects at least one object. [E:/Elky/UIUC/Courses/Spring2026/hardware-hackathon/pomodoro_timer_project/pomodoro_timer_project.srcs/constrs_1/imports/hardware-hackathon/boolean.xdc:111]
Resolution: If [get_<value>] was used to populate the object, check to make sure this command returns at least one valid object.
Finished Parsing XDC File [E:/Elky/UIUC/Courses/Spring2026/hardware-hackathon/pomodoro_timer_project/pomodoro_timer_project.srcs/constrs_1/imports/hardware-hackathon/boolean.xdc]
INFO: [Project 1-236] Implementation specific constraints were found while reading constraint file [E:/Elky/UIUC/Courses/Spring2026/hardware-hackathon/pomodoro_timer_project/pomodoro_timer_project.srcs/constrs_1/imports/hardware-hackathon/boolean.xdc]. These constraints will be ignored for synthesis but will be used in implementation. Impacted constraints are listed in the file [.Xil/pomodoro_top_propImpl.xdc].
Resolution: To avoid this warning, move constraints listed in [.Xil/pomodoro_top_propImpl.xdc] to another XDC file and exclude this new file from synthesis with the used_in_synthesis property (File Properties dialog in GUI) and re-run elaboration/synthesis.
Completed Processing XDC Constraints

Netlist sorting complete. Time (s): cpu = 00:00:00 ; elapsed = 00:00:00.001 . Memory (MB): peak = 1331.258 ; gain = 0.000
INFO: [Project 1-111] Unisim Transformation Summary:
No Unisim elements were transformed.

Constraint Validation Runtime : Time (s): cpu = 00:00:00 ; elapsed = 00:00:00.004 . Memory (MB): peak = 1331.258 ; gain = 0.000
INFO: [Designutils 20-5440] No compile time benefit to using incremental synthesis; A full resynthesis will be run
INFO: [Designutils 20-4379] Flow is switching to default flow due to incremental criteria not met. If you would like to alter this behaviour and have the flow terminate instead, please set the following parameter config_implementation {autoIncr.Synth.RejectBehavior Terminate}
INFO: [Synth 8-11241] undeclared symbol 'REGCCE', assumed default net type 'wire' [D:/Xilinx/Vivado/2022.2/data/verilog/src/unimacro/BRAM_SINGLE_MACRO.v:2170]
---------------------------------------------------------------------------------
Finished Constraint Validation : Time (s): cpu = 00:00:16 ; elapsed = 00:00:18 . Memory (MB): peak = 1331.258 ; gain = 560.922
---------------------------------------------------------------------------------
---------------------------------------------------------------------------------
Start Loading Part and Timing Information
---------------------------------------------------------------------------------
Loading part: xc7s50csga324-1
---------------------------------------------------------------------------------
Finished Loading Part and Timing Information : Time (s): cpu = 00:00:16 ; elapsed = 00:00:18 . Memory (MB): peak = 1331.258 ; gain = 560.922
---------------------------------------------------------------------------------
---------------------------------------------------------------------------------
Start Applying 'set_property' XDC Constraints
---------------------------------------------------------------------------------
---------------------------------------------------------------------------------
Finished applying 'set_property' XDC Constraints : Time (s): cpu = 00:00:16 ; elapsed = 00:00:18 . Memory (MB): peak = 1331.258 ; gain = 560.922
---------------------------------------------------------------------------------
INFO: [Synth 8-802] inferred FSM for state register 'state_reg' in module 'pomodoro_core'
---------------------------------------------------------------------------------------------------
                   State |                     New Encoding |                Previous Encoding 
---------------------------------------------------------------------------------------------------
                  S_IDLE |                              000 |                              000
                  S_WORK |                              001 |                              001
                 S_ALARM |                              010 |                              100
                  S_LONG |                              011 |                              011
                 S_SHORT |                              100 |                              010
---------------------------------------------------------------------------------------------------
INFO: [Synth 8-3354] encoded FSM with state register 'state_reg' using encoding 'sequential' in module 'pomodoro_core'
---------------------------------------------------------------------------------
Finished RTL Optimization Phase 2 : Time (s): cpu = 00:00:16 ; elapsed = 00:00:18 . Memory (MB): peak = 1331.258 ; gain = 560.922
---------------------------------------------------------------------------------
---------------------------------------------------------------------------------
Start RTL Component Statistics 
---------------------------------------------------------------------------------
Detailed RTL Component Info : 
+---Adders : 
	   3 Input   32 Bit       Adders := 1     
	   2 Input   27 Bit       Adders := 1     
	   2 Input   16 Bit       Adders := 2     
	   2 Input    7 Bit       Adders := 2     
	   2 Input    4 Bit       Adders := 2     
	   2 Input    3 Bit       Adders := 2     
+---Registers : 
	               27 Bit    Registers := 1     
	               20 Bit    Registers := 1     
	               16 Bit    Registers := 3     
	               10 Bit    Registers := 1     
	                7 Bit    Registers := 1     
	                4 Bit    Registers := 2     
	                3 Bit    Registers := 2     
	                2 Bit    Registers := 1     
	                1 Bit    Registers := 30    
+---Muxes : 
	   5 Input   16 Bit        Muxes := 2     
	   2 Input   16 Bit        Muxes := 2     
	   4 Input   12 Bit        Muxes := 1     
	   2 Input   11 Bit        Muxes := 5     
	   2 Input   10 Bit        Muxes := 3     
	   2 Input    9 Bit        Muxes := 1     
	   2 Input    7 Bit        Muxes := 3     
	   2 Input    5 Bit        Muxes := 2     
	   8 Input    4 Bit        Muxes := 2     
	   3 Input    4 Bit        Muxes := 1     
	   2 Input    4 Bit        Muxes := 3     
	   5 Input    3 Bit        Muxes := 2     
	   2 Input    3 Bit        Muxes := 2     
	   6 Input    3 Bit        Muxes := 1     
	   5 Input    2 Bit        Muxes := 1     
	   2 Input    1 Bit        Muxes := 51    
	   5 Input    1 Bit        Muxes := 9     
---------------------------------------------------------------------------------
Finished RTL Component Statistics 
---------------------------------------------------------------------------------
---------------------------------------------------------------------------------
Start Part Resource Summary
---------------------------------------------------------------------------------
Part Resources:
DSPs: 120 (col length:60)
BRAMs: 150 (col length: RAMB18 60 RAMB36 30)
---------------------------------------------------------------------------------
Finished Part Resource Summary
---------------------------------------------------------------------------------
---------------------------------------------------------------------------------
Start Cross Boundary and Area Optimization
---------------------------------------------------------------------------------
WARNING: [Synth 8-7080] Parallel synthesis criteria is not met
DSP Report: Generating DSP servo_out1, operation Mode is: A*(B:0x64).
DSP Report: operator servo_out1 is absorbed into DSP servo_out1.
WARNING: [Synth 8-3917] design pomodoro_top has port RGB0[0] driven by constant 0
WARNING: [Synth 8-3917] design pomodoro_top has port RGB1[0] driven by constant 0
WARNING: [Synth 8-3917] design pomodoro_top has port servo1 driven by constant 0
WARNING: [Synth 8-3917] design pomodoro_top has port servo2 driven by constant 0
WARNING: [Synth 8-3917] design pomodoro_top has port servo3 driven by constant 0
WARNING: [Synth 8-7129] Port sw[15] in module pomodoro_top is either unconnected or has no load
WARNING: [Synth 8-7129] Port sw[14] in module pomodoro_top is either unconnected or has no load
WARNING: [Synth 8-7129] Port sw[13] in module pomodoro_top is either unconnected or has no load
WARNING: [Synth 8-7129] Port sw[12] in module pomodoro_top is either unconnected or has no load
WARNING: [Synth 8-7129] Port sw[11] in module pomodoro_top is either unconnected or has no load
WARNING: [Synth 8-7129] Port sw[10] in module pomodoro_top is either unconnected or has no load
WARNING: [Synth 8-7129] Port sw[9] in module pomodoro_top is either unconnected or has no load
WARNING: [Synth 8-7129] Port sw[8] in module pomodoro_top is either unconnected or has no load
WARNING: [Synth 8-7129] Port sw[7] in module pomodoro_top is either unconnected or has no load
WARNING: [Synth 8-7129] Port sw[6] in module pomodoro_top is either unconnected or has no load
WARNING: [Synth 8-7129] Port sw[5] in module pomodoro_top is either unconnected or has no load
WARNING: [Synth 8-7129] Port sw[4] in module pomodoro_top is either unconnected or has no load
WARNING: [Synth 8-7129] Port sw[3] in module pomodoro_top is either unconnected or has no load
WARNING: [Synth 8-7129] Port sw[2] in module pomodoro_top is either unconnected or has no load
WARNING: [Synth 8-7129] Port sw[1] in module pomodoro_top is either unconnected or has no load
WARNING: [Synth 8-7129] Port UART_rxd in module pomodoro_top is either unconnected or has no load
---------------------------------------------------------------------------------
Finished Cross Boundary and Area Optimization : Time (s): cpu = 00:00:21 ; elapsed = 00:00:23 . Memory (MB): peak = 1331.258 ; gain = 560.922
---------------------------------------------------------------------------------
---------------------------------------------------------------------------------
Start ROM, RAM, DSP, Shift Register and Retiming Reporting
---------------------------------------------------------------------------------

DSP: Preliminary Mapping Report (see note below. The ' indicates corresponding REG is set)
+------------+-------------+--------+--------+--------+--------+--------+------+------+------+------+-------+------+------+
|Module Name | DSP Mapping | A Size | B Size | C Size | D Size | P Size | AREG | BREG | CREG | DREG | ADREG | MREG | PREG | 
+------------+-------------+--------+--------+--------+--------+--------+------+------+------+------+-------+------+------+
|servo_pwm   | A*(B:0x64)  | 20     | 7      | -      | -      | 27     | 0    | 0    | -    | -    | -     | 0    | 0    | 
+------------+-------------+--------+--------+--------+--------+--------+------+------+------+------+-------+------+------+

Note: The table above is a preliminary report that shows the DSPs inferred at the current stage of the synthesis flow. Some DSP may be reimplemented as non DSP primitives later in the synthesis flow. Multiple instantiated DSPs are reported only once.
---------------------------------------------------------------------------------
Finished ROM, RAM, DSP, Shift Register and Retiming Reporting
---------------------------------------------------------------------------------
---------------------------------------------------------------------------------
Start Applying XDC Timing Constraints
---------------------------------------------------------------------------------
---------------------------------------------------------------------------------
Finished Applying XDC Timing Constraints : Time (s): cpu = 00:00:27 ; elapsed = 00:00:30 . Memory (MB): peak = 1331.258 ; gain = 560.922
---------------------------------------------------------------------------------
---------------------------------------------------------------------------------
Start Timing Optimization
---------------------------------------------------------------------------------
---------------------------------------------------------------------------------
Finished Timing Optimization : Time (s): cpu = 00:00:27 ; elapsed = 00:00:30 . Memory (MB): peak = 1331.258 ; gain = 560.922
---------------------------------------------------------------------------------
---------------------------------------------------------------------------------
Start Technology Mapping
---------------------------------------------------------------------------------
---------------------------------------------------------------------------------
Finished Technology Mapping : Time (s): cpu = 00:00:27 ; elapsed = 00:00:30 . Memory (MB): peak = 1347.543 ; gain = 577.207
---------------------------------------------------------------------------------
---------------------------------------------------------------------------------
Start IO Insertion
---------------------------------------------------------------------------------
---------------------------------------------------------------------------------
Start Flattening Before IO Insertion
---------------------------------------------------------------------------------
---------------------------------------------------------------------------------
Finished Flattening Before IO Insertion
---------------------------------------------------------------------------------
---------------------------------------------------------------------------------
Start Final Netlist Cleanup
---------------------------------------------------------------------------------
---------------------------------------------------------------------------------
Finished Final Netlist Cleanup
---------------------------------------------------------------------------------
---------------------------------------------------------------------------------
Finished IO Insertion : Time (s): cpu = 00:00:30 ; elapsed = 00:00:33 . Memory (MB): peak = 1352.129 ; gain = 581.793
---------------------------------------------------------------------------------
---------------------------------------------------------------------------------
Start Renaming Generated Instances
---------------------------------------------------------------------------------
---------------------------------------------------------------------------------
Finished Renaming Generated Instances : Time (s): cpu = 00:00:30 ; elapsed = 00:00:33 . Memory (MB): peak = 1352.129 ; gain = 581.793
---------------------------------------------------------------------------------
---------------------------------------------------------------------------------
Start Rebuilding User Hierarchy
---------------------------------------------------------------------------------
---------------------------------------------------------------------------------
Finished Rebuilding User Hierarchy : Time (s): cpu = 00:00:30 ; elapsed = 00:00:33 . Memory (MB): peak = 1352.129 ; gain = 581.793
---------------------------------------------------------------------------------
---------------------------------------------------------------------------------
Start Renaming Generated Ports
---------------------------------------------------------------------------------
---------------------------------------------------------------------------------
Finished Renaming Generated Ports : Time (s): cpu = 00:00:30 ; elapsed = 00:00:33 . Memory (MB): peak = 1352.129 ; gain = 581.793
---------------------------------------------------------------------------------
---------------------------------------------------------------------------------
Start Handling Custom Attributes
---------------------------------------------------------------------------------
---------------------------------------------------------------------------------
Finished Handling Custom Attributes : Time (s): cpu = 00:00:30 ; elapsed = 00:00:33 . Memory (MB): peak = 1352.129 ; gain = 581.793
---------------------------------------------------------------------------------
---------------------------------------------------------------------------------
Start Renaming Generated Nets
---------------------------------------------------------------------------------
---------------------------------------------------------------------------------
Finished Renaming Generated Nets : Time (s): cpu = 00:00:30 ; elapsed = 00:00:33 . Memory (MB): peak = 1352.129 ; gain = 581.793
---------------------------------------------------------------------------------
---------------------------------------------------------------------------------
Start Writing Synthesis Report
---------------------------------------------------------------------------------

DSP Final Report (the ' indicates corresponding REG is set)
+------------+-------------+--------+--------+--------+--------+--------+------+------+------+------+-------+------+------+
|Module Name | DSP Mapping | A Size | B Size | C Size | D Size | P Size | AREG | BREG | CREG | DREG | ADREG | MREG | PREG | 
+------------+-------------+--------+--------+--------+--------+--------+------+------+------+------+-------+------+------+
|servo_pwm   | A*B         | 12     | 7      | -      | -      | 27     | 0    | 0    | -    | -    | -     | 0    | 0    | 
+------------+-------------+--------+--------+--------+--------+--------+------+------+------+------+-------+------+------+


Report BlackBoxes: 
+-+--------------+----------+
| |BlackBox name |Instances |
+-+--------------+----------+
+-+--------------+----------+

Report Cell Usage: 
+------+--------+------+
|      |Cell    |Count |
+------+--------+------+
|1     |BUFG    |     1|
|2     |CARRY4  |   248|
|3     |DSP48E1 |     1|
|4     |LUT1    |    64|
|5     |LUT2    |   255|
|6     |LUT3    |   399|
|7     |LUT4    |   106|
|8     |LUT5    |    40|
|9     |LUT6    |    99|
|10    |MUXF7   |     1|
|11    |FDRE    |   295|
|12    |FDSE    |    14|
|13    |IBUF    |     6|
|14    |OBUF    |    52|
+------+--------+------+
---------------------------------------------------------------------------------
Finished Writing Synthesis Report : Time (s): cpu = 00:00:30 ; elapsed = 00:00:33 . Memory (MB): peak = 1352.129 ; gain = 581.793
---------------------------------------------------------------------------------
Synthesis finished with 0 errors, 0 critical warnings and 22 warnings.
Synthesis Optimization Runtime : Time (s): cpu = 00:00:23 ; elapsed = 00:00:30 . Memory (MB): peak = 1352.129 ; gain = 524.117
Synthesis Optimization Complete : Time (s): cpu = 00:00:30 ; elapsed = 00:00:33 . Memory (MB): peak = 1352.129 ; gain = 581.793
INFO: [Project 1-571] Translating synthesized netlist
Netlist sorting complete. Time (s): cpu = 00:00:00 ; elapsed = 00:00:00.017 . Memory (MB): peak = 1364.184 ; gain = 0.000
INFO: [Netlist 29-17] Analyzing 250 Unisim elements for replacement
INFO: [Netlist 29-28] Unisim Transformation completed in 0 CPU seconds
INFO: [Project 1-570] Preparing netlist for logic optimization
INFO: [Opt 31-138] Pushed 0 inverter(s) to 0 load pin(s).
Netlist sorting complete. Time (s): cpu = 00:00:00 ; elapsed = 00:00:00 . Memory (MB): peak = 1367.867 ; gain = 0.000
INFO: [Project 1-111] Unisim Transformation Summary:
No Unisim elements were transformed.

Synth Design complete, checksum: 9c15ff07
INFO: [Common 17-83] Releasing license: Synthesis
47 Infos, 55 Warnings, 14 Critical Warnings and 0 Errors encountered.
synth_design completed successfully
synth_design: Time (s): cpu = 00:00:35 ; elapsed = 00:00:40 . Memory (MB): peak = 1367.867 ; gain = 969.305
INFO: [runtcl-6] Synthesis results are not added to the cache due to CRITICAL_WARNING
INFO: [Common 17-1381] The checkpoint 'E:/Elky/UIUC/Courses/Spring2026/hardware-hackathon/pomodoro_timer_project/pomodoro_timer_project.runs/synth_1/pomodoro_top.dcp' has been generated.
INFO: [runtcl-4] Executing : report_utilization -file pomodoro_top_utilization_synth.rpt -pb pomodoro_top_utilization_synth.pb
INFO: [Common 17-206] Exiting Vivado at Sun Mar 29 09:43:02 2026...
